13:07:53.468 [main] INFO  factory.BaseClass - ************Captured the error message for car************
13:07:54.541 [main] INFO  factory.BaseClass - ************Entered the car number************
13:07:58.583 [main] INFO  factory.BaseClass - ************Captured the error message for email************
13:08:01.609 [main] INFO  factory.BaseClass - ************Object for healthInsurance Page got created************
13:08:05.479 [main] INFO  factory.BaseClass - ************Captured all the menu items in helath insurance************
13:08:05.479 [main] INFO  factory.BaseClass - ************Sucessfuly completed all the testCases************
09:45:11.088 [main] INFO  factory.BaseClass - ************Object for travelInsurance Page got created************
09:45:17.069 [main] INFO  factory.BaseClass - ************TravelInsurance got clicked************
09:45:17.585 [main] INFO  factory.BaseClass - ************TravelInsurance Page title got verified************
09:45:22.017 [main] INFO  factory.BaseClass - ************Date got selected************
09:45:25.304 [main] INFO  factory.BaseClass - ************Selected two travellers************
09:45:26.644 [main] INFO  factory.BaseClass - ************Selected No for Medical history************
09:45:33.685 [main] INFO  factory.BaseClass - ************Mobile number entered sucessfully************
09:45:41.519 [main] INFO  factory.BaseClass - ************Students Plans got Selected************
09:45:43.629 [main] INFO  factory.BaseClass - ************Travellers got Selected************
09:45:50.002 [main] INFO  factory.BaseClass - ************Low to High filter got selected************
09:45:50.763 [main] INFO  factory.BaseClass - ************Object for carInsurance Page got created************
09:45:53.692 [main] INFO  factory.BaseClass - ************carlInsurance got clicked************
09:45:53.983 [main] INFO  factory.BaseClass - ************carlInsurance Page title got verified************
09:45:54.762 [main] INFO  factory.BaseClass - ************Captured the error message for car************
09:45:55.695 [main] INFO  factory.BaseClass - ************Entered the car number************
09:45:59.864 [main] INFO  factory.BaseClass - ************Captured the error message for email************
09:46:18.212 [main] INFO  factory.BaseClass - ************Object for healthInsurance Page got created************
09:46:20.504 [main] INFO  factory.BaseClass - ************Captured all the menu items in helath insurance************
09:46:20.504 [main] INFO  factory.BaseClass - ************Sucessfuly completed all the testCases************
15:40:41.107 [main] INFO  factory.BaseClass - ************Object for carInsurance Page got created************
15:41:36.924 [main] INFO  factory.BaseClass - ************carlInsurance got clicked************
15:41:37.132 [main] INFO  factory.BaseClass - ************carlInsurance Page title got verified************
15:41:38.915 [main] INFO  factory.BaseClass - ************Captured the error message for car************
15:41:39.954 [main] INFO  factory.BaseClass - ************Entered the car number************
15:41:48.826 [main] INFO  factory.BaseClass - ************Captured the error message for email************
15:42:43.893 [main] INFO  factory.BaseClass - ************Object for healthInsurance Page got created************
15:42:45.009 [main] INFO  factory.BaseClass - ************Moved to health insurance************
15:42:50.513 [main] INFO  factory.BaseClass - ************Captured all the menu items in helath insurance************
15:44:47.693 [main] INFO  factory.BaseClass - ************Object for carInsurance Page got created************
15:46:40.913 [main] INFO  factory.BaseClass - ************Object for carInsurance Page got created************
15:46:44.426 [main] INFO  factory.BaseClass - ************carlInsurance got clicked************
15:46:44.460 [main] INFO  factory.BaseClass - ************carlInsurance Page title got verified************
15:46:45.631 [main] INFO  factory.BaseClass - ************Captured the error message for car************
15:46:46.648 [main] INFO  factory.BaseClass - ************Entered the car number************
15:47:17.812 [main] INFO  factory.BaseClass - ************Captured the error message for email************
15:47:49.824 [main] INFO  factory.BaseClass - ************Object for healthInsurance Page got created************
15:47:50.345 [main] INFO  factory.BaseClass - ************Moved to health insurance************
15:47:54.147 [main] INFO  factory.BaseClass - ************Captured all the menu items in helath insurance************
15:48:29.989 [main] INFO  factory.BaseClass - ************Object for travelInsurance Page got created************
15:49:03.974 [main] INFO  factory.BaseClass - ************TravelInsurance got clicked************
15:49:04.254 [main] INFO  factory.BaseClass - ************TravelInsurance Page title got verified************
15:49:07.056 [main] INFO  factory.BaseClass - ************Date got selected************
